[debug] [2026-02-05T03:55:12.543Z] ----------------------------------------------------------------------
[debug] [2026-02-05T03:55:12.546Z] Command:       C:\Program Files\nodejs\node.exe C:\Users\User\AppData\Roaming\npm\node_modules\firebase-tools\lib\bin\firebase.js projects:list
[debug] [2026-02-05T03:55:12.546Z] CLI Version:   15.5.1
[debug] [2026-02-05T03:55:12.546Z] Platform:      win32
[debug] [2026-02-05T03:55:12.546Z] Node Version:  v24.13.0
[debug] [2026-02-05T03:55:12.546Z] Time:          Wed Feb 04 2026 22:55:12 GMT-0500 (Eastern Standard Time)
[debug] [2026-02-05T03:55:12.547Z] ----------------------------------------------------------------------
[debug] 
[debug] [2026-02-05T03:55:12.697Z] > command requires scopes: ["email","openid","https://www.googleapis.com/auth/cloudplatformprojects.readonly","https://www.googleapis.com/auth/firebase","https://www.googleapis.com/auth/cloud-platform"]
[debug] [2026-02-05T03:55:12.698Z] > authorizing via signed-in user (ryanwilson2005@gmail.com)
[debug] [2026-02-05T03:55:12.701Z] Checked if tokens are valid: false, expires at: 1746301980091
[debug] [2026-02-05T03:55:12.701Z] Checked if tokens are valid: false, expires at: 1746301980091
[debug] [2026-02-05T03:55:12.701Z] > refreshing access token with scopes: []
[debug] [2026-02-05T03:55:12.703Z] >>> [apiv2][query] POST https://www.googleapis.com/oauth2/v3/token [none]
[debug] [2026-02-05T03:55:12.703Z] >>> [apiv2][body] POST https://www.googleapis.com/oauth2/v3/token [omitted]
[debug] [2026-02-05T03:55:12.940Z] <<< [apiv2][status] POST https://www.googleapis.com/oauth2/v3/token 400
[debug] [2026-02-05T03:55:12.940Z] <<< [apiv2][body] POST https://www.googleapis.com/oauth2/v3/token [omitted]
[debug] [2026-02-05T03:55:12.941Z] >>> [apiv2][query] GET https://firebase.googleapis.com/v1beta1/projects pageSize=1000
[debug] [2026-02-05T03:55:13.261Z] <<< [apiv2][status] GET https://firebase.googleapis.com/v1beta1/projects 401
[debug] [2026-02-05T03:55:13.261Z] <<< [apiv2][body] GET https://firebase.googleapis.com/v1beta1/projects [omitted]
[debug] [2026-02-05T03:55:13.261Z] Got a 401 Unauthenticated error for a call that required authentication. Refreshing tokens.
[debug] [2026-02-05T03:55:13.261Z] Checked if tokens are valid: false, expires at: 1746301980091
[debug] [2026-02-05T03:55:13.261Z] Checked if tokens are valid: false, expires at: 1746301980091
[debug] [2026-02-05T03:55:13.261Z] > refreshing access token with scopes: []
[debug] [2026-02-05T03:55:13.261Z] >>> [apiv2][query] POST https://www.googleapis.com/oauth2/v3/token [none]
[debug] [2026-02-05T03:55:13.261Z] >>> [apiv2][body] POST https://www.googleapis.com/oauth2/v3/token [omitted]
[debug] [2026-02-05T03:55:13.336Z] <<< [apiv2][status] POST https://www.googleapis.com/oauth2/v3/token 400
[debug] [2026-02-05T03:55:13.336Z] <<< [apiv2][body] POST https://www.googleapis.com/oauth2/v3/token [omitted]
[debug] [2026-02-05T03:55:13.337Z] Request to https://firebase.googleapis.com/v1beta1/projects?pageSize=1000 had HTTP Error: 401, Request had invalid authentication credentials. Expected OAuth 2 access token, login cookie or other valid authentication credential. See https://developers.google.com/identity/sign-in/web/devconsole-project.
[debug] [2026-02-05T03:55:13.522Z] FirebaseError: Request to https://firebase.googleapis.com/v1beta1/projects?pageSize=1000 had HTTP Error: 401, Request had invalid authentication credentials. Expected OAuth 2 access token, login cookie or other valid authentication credential. See https://developers.google.com/identity/sign-in/web/devconsole-project.
    at responseToError (C:\Users\User\AppData\Roaming\npm\node_modules\firebase-tools\lib\responseToError.js:53:12)
    at RetryOperation._fn (C:\Users\User\AppData\Roaming\npm\node_modules\firebase-tools\lib\apiv2.js:330:77)
    at process.processTicksAndRejections (node:internal/process/task_queues:103:5)
[error] 
[error] Error: Failed to list Firebase projects. See firebase-debug.log for more info.
